<?xml version="1.0" encoding="UTF-8"?>
<!-- Generated by org.testng.reporters.JUnitReportReporter -->
<testsuite hostname="DESKTOP-52MF2DD" failures="0" tests="3" name="runner.TestRunner" time="43.545" errors="0" timestamp="2025-03-18T18:34:55 IST" skipped="0">
  <testcase classname="runner.TestRunner" name="runScenario" time="13.439"/>
  <system-out/>
  <testcase classname="runner.TestRunner" name="runScenario" time="24.769"/>
  <system-out/>
  <testcase classname="runner.TestRunner" name="runScenario" time="5.337"/>
  <system-out/>
</testsuite> <!-- runner.TestRunner -->
